<?xml version="1.0" encoding="UTF-8"?>
<!-- Generated by org.testng.reporters.JUnitXMLReporter -->
<testsuite hostname="PIS046" ignored="0" name="Default test" tests="3" failures="0" timestamp="2020-06-10T11:46:00 IST" time="48.124" errors="0">
  <testcase name="loginTest" time="5.673" classname="Execution.Executetestcases"/>
  <testcase name="CreateOrdercalltracker" time="34.776" classname="Execution.Executetestcases"/>
  <testcase name="WorkOrder" time="0.003" classname="Execution.Executetestcases"/>
</testsuite> <!-- Default test -->
